npm verb cli /usr/local/bin/node /usr/local/bin/npm
npm info using npm@10.2.3
npm info using node@v21.1.0
npm verb title npm install
npm verb argv "install" "--legacy-peer-deps" "--loglevel" "verbose"
npm verb logfile logs-max:10 dir:/root/.npm/_logs/2023-11-03T19_58_16_798Z-
npm verb logfile /root/.npm/_logs/2023-11-03T19_58_16_798Z-debug-0.log
npm http fetch GET 200 https://registry.npmjs.org/browserstack-cypress-cli 1199ms (cache revalidated)
npm http fetch GET 200 https://registry.npmjs.org/cypress 1040ms (cache revalidated)
npm http fetch GET 200 https://registry.npmjs.org/cachedir 409ms (cache revalidated)
npm http fetch GET 200 https://registry.npmjs.org/extract-zip 619ms (cache revalidated)
npm http fetch GET 200 https://registry.npmjs.org/chalk 648ms (cache revalidated)
npm http fetch GET 200 https://registry.npmjs.org/fs-extra 647ms (cache revalidated)
npm http fetch GET 200 https://registry.npmjs.org/check-more-types 628ms (cache revalidated)
npm http fetch GET 200 https://registry.npmjs.org/blob-util 633ms (cache revalidated)
npm http fetch GET 200 https://registry.npmjs.org/decompress 638ms (cache revalidated)
npm http fetch GET 200 https://registry.npmjs.org/buffer 634ms (cache revalidated)
npm http fetch GET 200 https://registry.npmjs.org/yauzl 625ms (cache revalidated)
npm http fetch GET 200 https://registry.npmjs.org/chalk 636ms (cache revalidated)
npm http fetch GET 200 https://registry.npmjs.org/listr2 635ms (cache revalidated)
npm http fetch GET 200 https://registry.npmjs.org/lodash 643ms (cache revalidated)
npm http fetch GET 200 https://registry.npmjs.org/semver 646ms (cache revalidated)
npm http fetch GET 200 https://registry.npmjs.org/windows-release 663ms (cache revalidated)
npm http fetch GET 200 https://registry.npmjs.org/mkdirp 667ms (cache revalidated)
npm http fetch GET 200 https://registry.npmjs.org/tmp 649ms (cache revalidated)
npm http fetch GET 200 https://registry.npmjs.org/ospath 652ms (cache revalidated)
npm http fetch GET 200 https://registry.npmjs.org/archiver 688ms (cache revalidated)
npm http fetch GET 200 https://registry.npmjs.org/dayjs 662ms (cache revalidated)
npm http fetch GET 200 https://registry.npmjs.org/executable 664ms (cache revalidated)
npm http fetch GET 200 https://registry.npmjs.org/is-ci 665ms (cache revalidated)
npm http fetch GET 200 https://registry.npmjs.org/common-tags 670ms (cache revalidated)
npm http fetch GET 200 https://registry.npmjs.org/getos 669ms (cache revalidated)
npm http fetch GET 200 https://registry.npmjs.org/glob 692ms (cache revalidated)
npm http fetch GET 200 https://registry.npmjs.org/async 707ms (cache revalidated)
npm http fetch GET 200 https://registry.npmjs.org/request 691ms (cache revalidated)
npm http fetch GET 200 https://registry.npmjs.org/figures 680ms (cache revalidated)
npm http fetch GET 200 https://registry.npmjs.org/enquirer 683ms (cache revalidated)
npm http fetch GET 200 https://registry.npmjs.org/@types%2Fnode 693ms (cache revalidated)
npm http fetch GET 200 https://registry.npmjs.org/yargs 721ms (cache revalidated)
npm http fetch GET 200 https://registry.npmjs.org/arch 721ms (cache revalidated)
npm http fetch GET 200 https://registry.npmjs.org/@types%2Fsinonjs__fake-timers 722ms (cache revalidated)
npm http fetch GET 200 https://registry.npmjs.org/update-notifier 729ms (cache revalidated)
npm http fetch GET 200 https://registry.npmjs.org/eventemitter2 720ms (cache revalidated)
npm http fetch GET 200 https://registry.npmjs.org/cli-cursor 723ms (cache revalidated)
npm http fetch GET 200 https://registry.npmjs.org/proxy-from-env 716ms (cache revalidated)
npm http fetch GET 200 https://registry.npmjs.org/commander 723ms (cache revalidated)
npm http fetch GET 200 https://registry.npmjs.org/execa 724ms (cache revalidated)
npm http fetch GET 200 https://registry.npmjs.org/supports-color 719ms (cache revalidated)
npm http fetch GET 200 https://registry.npmjs.org/bluebird 731ms (cache revalidated)
npm http fetch GET 200 https://registry.npmjs.org/fs-extra 728ms (cache revalidated)
npm http fetch GET 200 https://registry.npmjs.org/cli-table3 733ms (cache revalidated)
npm http fetch GET 200 https://registry.npmjs.org/mocha 746ms (cache revalidated)
npm http fetch GET 200 https://registry.npmjs.org/request-progress 734ms (cache revalidated)
npm http fetch GET 200 https://registry.npmjs.org/minimist 736ms (cache revalidated)
npm http fetch GET 200 https://registry.npmjs.org/is-installed-globally 739ms (cache revalidated)
npm http fetch GET 200 https://registry.npmjs.org/debug 743ms (cache revalidated)
npm http fetch GET 200 https://registry.npmjs.org/process 739ms (cache revalidated)
npm http fetch GET 200 https://registry.npmjs.org/@types%2Fsizzle 749ms (cache revalidated)
npm http fetch GET 200 https://registry.npmjs.org/log-symbols 750ms (cache revalidated)
npm http fetch GET 200 https://registry.npmjs.org/winston 766ms (cache revalidated)
npm http fetch GET 200 https://registry.npmjs.org/@cypress%2Fxvfb 778ms (cache revalidated)
npm http fetch GET 200 https://registry.npmjs.org/@cypress%2Frequest 779ms (cache revalidated)
npm http fetch GET 200 https://registry.npmjs.org/lazy-ass 847ms (cache revalidated)
npm http fetch GET 200 https://registry.npmjs.org/cli-progress 1313ms (cache revalidated)
npm http fetch GET 200 https://registry.npmjs.org/git-last-commit 1342ms (cache revalidated)
npm http fetch GET 200 https://registry.npmjs.org/browserstack-local 1356ms (cache revalidated)
npm http fetch GET 200 https://registry.npmjs.org/git-repo-info 1352ms (cache revalidated)
npm http fetch GET 200 https://registry.npmjs.org/getmac 1361ms (cache revalidated)
npm http fetch GET 200 https://registry.npmjs.org/node-ipc 1396ms (cache revalidated)
npm http fetch GET 200 https://registry.npmjs.org/uuid 1409ms (cache revalidated)
npm http fetch GET 200 https://registry.npmjs.org/gitconfiglocal 1439ms (cache revalidated)
npm http fetch GET 200 https://registry.npmjs.org/table 1449ms (cache revalidated)
npm http fetch GET 200 https://registry.npmjs.org/pretty-bytes 1438ms (cache revalidated)
npm http fetch GET 200 https://registry.npmjs.org/requestretry 1460ms (cache revalidated)
npm http fetch GET 200 https://registry.npmjs.org/untildify 1464ms (cache revalidated)
npm http fetch GET 200 https://registry.npmjs.org/js-message 349ms (cache revalidated)
npm http fetch GET 200 https://registry.npmjs.org/js-yaml 353ms (cache revalidated)
npm http fetch GET 200 https://registry.npmjs.org/minimatch 359ms (cache revalidated)
npm http fetch GET 200 https://registry.npmjs.org/form-data 361ms (cache revalidated)
npm http fetch GET 200 https://registry.npmjs.org/event-pubsub 379ms (cache revalidated)
npm http fetch GET 200 https://registry.npmjs.org/yargs-parser 381ms (cache revalidated)
npm http fetch GET 200 https://registry.npmjs.org/nanoid 385ms (cache revalidated)
npm http fetch GET 200 https://registry.npmjs.org/workerpool 386ms (cache revalidated)
npm http fetch GET 200 https://registry.npmjs.org/strip-json-comments 394ms (cache revalidated)
npm http fetch GET 200 https://registry.npmjs.org/he 396ms (cache revalidated)
npm http fetch GET 200 https://registry.npmjs.org/aws4 398ms (cache revalidated)
npm http fetch GET 200 https://registry.npmjs.org/extend 399ms (cache revalidated)
npm http fetch GET 200 https://registry.npmjs.org/caseless 405ms (cache revalidated)
npm http fetch GET 200 https://registry.npmjs.org/qs 403ms (cache revalidated)
npm http fetch GET 200 https://registry.npmjs.org/http-signature 408ms (cache revalidated)
npm http fetch GET 200 https://registry.npmjs.org/yargs-unparser 423ms (cache revalidated)
npm http fetch GET 200 https://registry.npmjs.org/ajv 422ms (cache revalidated)
npm http fetch GET 200 https://registry.npmjs.org/extend 434ms (cache revalidated)
npm http fetch GET 200 https://registry.npmjs.org/ms 444ms (cache revalidated)
npm http fetch GET 200 https://registry.npmjs.org/slice-ansi 434ms (cache revalidated)
npm http fetch GET 200 https://registry.npmjs.org/oauth-sign 460ms (cache revalidated)
npm http fetch GET 200 https://registry.npmjs.org/tough-cookie 467ms (cache revalidated)
npm http fetch GET 200 https://registry.npmjs.org/minimatch 498ms (cache hit)
npm http fetch GET 200 https://registry.npmjs.org/json-stringify-safe 495ms (cache revalidated)
npm http fetch GET 200 https://registry.npmjs.org/isstream 495ms (cache revalidated)
npm http fetch GET 200 https://registry.npmjs.org/har-validator 497ms (cache revalidated)
npm http fetch GET 200 https://registry.npmjs.org/mime-types 498ms (cache revalidated)
npm http fetch GET 200 https://registry.npmjs.org/performance-now 498ms (cache revalidated)
npm http fetch GET 200 https://registry.npmjs.org/tunnel-agent 498ms (cache revalidated)
npm http fetch GET 200 https://registry.npmjs.org/is-typedarray 501ms (cache revalidated)
npm http fetch GET 200 https://registry.npmjs.org/readdir-glob 528ms (cache revalidated)
npm http fetch GET 200 https://registry.npmjs.org/safe-buffer 501ms (cache revalidated)
npm http fetch GET 200 https://registry.npmjs.org/archiver-utils 533ms (cache revalidated)
npm http fetch GET 200 https://registry.npmjs.org/decompress-tarbz2 525ms (cache revalidated)
npm http fetch GET 200 https://registry.npmjs.org/buffer-crc32 534ms (cache revalidated)
npm http fetch GET 200 https://registry.npmjs.org/tar-stream 534ms (cache revalidated)
npm http fetch GET 200 https://registry.npmjs.org/readable-stream 537ms (cache revalidated)
npm http fetch GET 200 https://registry.npmjs.org/agent-base 537ms (cache revalidated)
npm http fetch GET 200 https://registry.npmjs.org/zip-stream 543ms (cache revalidated)
npm http fetch GET 200 https://registry.npmjs.org/https-proxy-agent 543ms (cache revalidated)
npm http fetch GET 200 https://registry.npmjs.org/ansi-styles 544ms (cache revalidated)
npm http fetch GET 200 https://registry.npmjs.org/decompress-targz 543ms (cache revalidated)
npm http fetch GET 200 https://registry.npmjs.org/decompress-tar 550ms (cache revalidated)
npm http fetch GET 200 https://registry.npmjs.org/path-is-absolute 540ms (cache revalidated)
npm http fetch GET 200 https://registry.npmjs.org/graceful-fs 549ms (cache revalidated)
npm http fetch GET 200 https://registry.npmjs.org/escape-string-regexp 554ms (cache revalidated)
npm http fetch GET 200 https://registry.npmjs.org/boxen 544ms (cache revalidated)
npm http fetch GET 200 https://registry.npmjs.org/string-width 574ms (cache revalidated)
npm http fetch GET 200 https://registry.npmjs.org/isstream 539ms (cache revalidated)
npm http fetch GET 200 https://registry.npmjs.org/ansi-colors 563ms (cache revalidated)
npm http fetch GET 200 https://registry.npmjs.org/import-lazy 548ms (cache revalidated)
npm http fetch GET 200 https://registry.npmjs.org/string-width 572ms (cache revalidated)
npm http fetch GET 200 https://registry.npmjs.org/is-npm 569ms (cache revalidated)
npm http fetch GET 200 https://registry.npmjs.org/has-yarn 572ms (cache revalidated)
npm http fetch GET 200 https://registry.npmjs.org/chokidar 589ms (cache revalidated)
npm http fetch GET 200 https://registry.npmjs.org/graceful-fs 605ms (cache revalidated)
npm http fetch GET 200 https://registry.npmjs.org/decompress-unzip 607ms (cache revalidated)
npm http fetch GET 200 https://registry.npmjs.org/aws-sign2 629ms (cache revalidated)
npm http fetch GET 200 https://registry.npmjs.org/cliui 610ms (cache revalidated)
npm http fetch GET 200 https://registry.npmjs.org/diff 636ms (cache revalidated)
npm http fetch GET 200 https://registry.npmjs.org/stack-trace 614ms (cache revalidated)
npm http fetch GET 200 https://registry.npmjs.org/make-dir 652ms (cache revalidated)
npm http fetch GET 200 https://registry.npmjs.org/pupa 625ms (cache revalidated)
npm http fetch GET 200 https://registry.npmjs.org/require-directory 622ms (cache revalidated)
npm http fetch GET 200 https://registry.npmjs.org/browser-stdout 660ms (cache revalidated)
npm http fetch GET 200 https://registry.npmjs.org/latest-version 649ms (cache revalidated)
npm http fetch GET 200 https://registry.npmjs.org/fs.realpath 674ms (cache revalidated)
npm http fetch GET 200 https://registry.npmjs.org/semver-diff 653ms (cache revalidated)
npm http fetch GET 200 https://registry.npmjs.org/y18n 646ms (cache revalidated)
npm http fetch GET 200 https://registry.npmjs.org/decamelize 650ms (cache revalidated)
npm http fetch GET 200 https://registry.npmjs.org/cycle 658ms (cache revalidated)
npm http fetch GET 200 https://registry.npmjs.org/ini 701ms (cache revalidated)
npm http fetch GET 200 https://registry.npmjs.org/find-up 696ms (cache revalidated)
npm http fetch GET 200 https://registry.npmjs.org/universalify 707ms (cache revalidated)
npm http fetch GET 200 https://registry.npmjs.org/inherits 703ms (cache revalidated)
npm http fetch GET 200 https://registry.npmjs.org/require-main-filename 674ms (cache revalidated)
npm http fetch GET 200 https://registry.npmjs.org/find-up 683ms (cache revalidated)
npm http fetch GET 200 https://registry.npmjs.org/jsonfile 722ms (cache revalidated)
npm http fetch GET 200 https://registry.npmjs.org/once 719ms (cache revalidated)
npm http fetch GET 200 https://registry.npmjs.org/inflight 728ms (cache revalidated)
npm http fetch GET 200 https://registry.npmjs.org/yargs-parser 698ms (cache revalidated)
npm http fetch GET 200 https://registry.npmjs.org/set-blocking 702ms (cache revalidated)
npm http fetch GET 200 https://registry.npmjs.org/pify 739ms (cache revalidated)
npm http fetch GET 200 https://registry.npmjs.org/colors 722ms (cache revalidated)
npm http fetch GET 200 https://registry.npmjs.org/which-module 722ms (cache revalidated)
npm http fetch GET 200 https://registry.npmjs.org/configstore 743ms (cache revalidated)
npm http fetch GET 200 https://registry.npmjs.org/get-caller-file 737ms (cache revalidated)
npm http fetch GET 200 https://registry.npmjs.org/is-yarn-global 747ms (cache revalidated)
npm http fetch GET 200 https://registry.npmjs.org/xdg-basedir 755ms (cache revalidated)
npm http fetch GET 200 https://registry.npmjs.org/js-queue 1225ms (cache revalidated)
npm http fetch GET 200 https://registry.npmjs.org/serialize-javascript 1229ms (cache revalidated)
npm http fetch GET 200 https://registry.npmjs.org/combined-stream 1225ms (cache revalidated)
npm http fetch GET 200 https://registry.npmjs.org/forever-agent 1225ms (cache revalidated)
npm http fetch GET 200 https://registry.npmjs.org/temp-fs 1318ms (cache revalidated)
npm http fetch GET 200 https://registry.npmjs.org/is-running 1355ms (cache revalidated)
npm http fetch GET 200 https://registry.npmjs.org/strip-dirs 1431ms (cache revalidated)
npm http fetch GET 200 https://registry.npmjs.org/ps-tree 1437ms (cache revalidated)
npm http fetch GET 200 https://registry.npmjs.org/eyes 1590ms (cache revalidated)
npm http fetch GET 200 https://registry.npmjs.org/lodash.union 140ms (cache revalidated)
npm http fetch GET 200 https://registry.npmjs.org/lodash.defaults 141ms (cache revalidated)
npm http fetch GET 200 https://registry.npmjs.org/fs-constants 167ms (cache revalidated)
npm http fetch GET 200 https://registry.npmjs.org/bl 169ms (cache revalidated)
npm http fetch GET 200 https://registry.npmjs.org/string_decoder 172ms (cache revalidated)
npm http fetch GET 200 https://registry.npmjs.org/lodash.isplainobject 176ms (cache revalidated)
npm http fetch GET 200 https://registry.npmjs.org/end-of-stream 172ms (cache revalidated)
npm http fetch GET 200 https://registry.npmjs.org/lodash.difference 178ms (cache revalidated)
npm http fetch GET 200 https://registry.npmjs.org/lazystream 179ms (cache revalidated)
npm http fetch GET 200 https://registry.npmjs.org/normalize-path 178ms (cache revalidated)
npm http fetch GET 200 https://registry.npmjs.org/util-deprecate 177ms (cache revalidated)
npm http fetch GET 200 https://registry.npmjs.org/compress-commons 1008ms (cache revalidated)
npm http fetch GET 200 https://registry.npmjs.org/lodash.flatten 1038ms (cache revalidated)
npm http fetch GET 200 https://registry.npmjs.org/process-nextick-args 63ms (cache revalidated)
npm http fetch GET 200 https://registry.npmjs.org/core-util-is 65ms (cache revalidated)
npm http fetch GET 200 https://registry.npmjs.org/isarray 66ms (cache revalidated)
npm http fetch GET 200 https://registry.npmjs.org/event-stream 75ms (cache revalidated)
npm http fetch GET 200 https://registry.npmjs.org/rimraf 116ms (cache revalidated)
npm http fetch GET 200 https://registry.npmjs.org/has-flag 60ms (cache revalidated)
npm http fetch GET 200 https://registry.npmjs.org/color-convert 66ms (cache revalidated)
npm http fetch GET 200 https://registry.npmjs.org/color-name 55ms (cache revalidated)
npm http fetch GET 200 https://registry.npmjs.org/emoji-regex 60ms (cache revalidated)
npm http fetch GET 200 https://registry.npmjs.org/strip-ansi 63ms (cache revalidated)
npm http fetch GET 200 https://registry.npmjs.org/is-fullwidth-code-point 64ms (cache revalidated)
npm http fetch GET 200 https://registry.npmjs.org/base64-js 144ms (cache revalidated)
npm http fetch GET 200 https://registry.npmjs.org/lodash.once 167ms (cache revalidated)
npm http fetch GET 200 https://registry.npmjs.org/strip-final-newline 164ms (cache revalidated)
npm http fetch GET 200 https://registry.npmjs.org/ieee754 175ms (cache revalidated)
npm http fetch GET 200 https://registry.npmjs.org/merge-stream 171ms (cache revalidated)
npm http fetch GET 200 https://registry.npmjs.org/rxjs 172ms (cache revalidated)
npm http fetch GET 200 https://registry.npmjs.org/lru-cache 168ms (cache revalidated)
npm http fetch GET 200 https://registry.npmjs.org/cross-spawn 192ms (cache revalidated)
npm http fetch GET 200 https://registry.npmjs.org/is-stream 192ms (cache revalidated)
npm http fetch GET 200 https://registry.npmjs.org/human-signals 194ms (cache revalidated)
npm http fetch GET 200 https://registry.npmjs.org/through 184ms (cache revalidated)
npm http fetch GET 200 https://registry.npmjs.org/npm-run-path 194ms (cache revalidated)
npm http fetch GET 200 https://registry.npmjs.org/@colors%2Fcolors 202ms (cache revalidated)
npm http fetch GET 200 https://registry.npmjs.org/cli-truncate 187ms (cache revalidated)
npm http fetch GET 200 https://registry.npmjs.org/rfdc 187ms (cache revalidated)
npm http fetch GET 200 https://registry.npmjs.org/onetime 199ms (cache revalidated)
npm http fetch GET 200 https://registry.npmjs.org/at-least-node 197ms (cache revalidated)
npm http fetch GET 200 https://registry.npmjs.org/log-update 194ms (cache revalidated)
npm http fetch GET 200 https://registry.npmjs.org/signal-exit 208ms (cache revalidated)
npm http fetch GET 200 https://registry.npmjs.org/p-map 202ms (cache revalidated)
npm http fetch GET 200 https://registry.npmjs.org/colorette 205ms (cache revalidated)
npm http fetch GET 200 https://registry.npmjs.org/@types%2Fyauzl 215ms (cache revalidated)
npm http fetch GET 200 https://registry.npmjs.org/is-path-inside 213ms (cache revalidated)
npm http fetch GET 200 https://registry.npmjs.org/ci-info 215ms (cache revalidated)
npm http fetch GET 200 https://registry.npmjs.org/get-stream 227ms (cache revalidated)
npm http fetch GET 200 https://registry.npmjs.org/is-unicode-supported 214ms (cache revalidated)
npm http fetch GET 200 https://registry.npmjs.org/fd-slicer 209ms (cache revalidated)
npm http fetch GET 200 https://registry.npmjs.org/wrap-ansi 223ms (cache revalidated)
npm http fetch GET 200 https://registry.npmjs.org/restore-cursor 1100ms (cache revalidated)
npm http fetch GET 200 https://registry.npmjs.org/get-stream 1095ms (cache revalidated)
npm http fetch GET 200 https://registry.npmjs.org/throttleit 1075ms (cache revalidated)
npm http fetch GET 200 https://registry.npmjs.org/global-dirs 1088ms (cache revalidated)
npm http fetch GET 200 https://registry.npmjs.org/mime-db 105ms (cache revalidated)
npm http fetch GET 200 https://registry.npmjs.org/assert-plus 113ms (cache revalidated)
npm http fetch GET 200 https://registry.npmjs.org/jsprim 113ms (cache revalidated)
npm http fetch GET 200 https://registry.npmjs.org/url-parse 106ms (cache revalidated)
npm http fetch GET 200 https://registry.npmjs.org/side-channel 110ms (cache revalidated)
npm http fetch GET 200 https://registry.npmjs.org/psl 109ms (cache revalidated)
npm http fetch GET 200 https://registry.npmjs.org/punycode 110ms (cache revalidated)
npm http fetch GET 200 https://registry.npmjs.org/delayed-stream 123ms (cache revalidated)
npm http fetch GET 200 https://registry.npmjs.org/asynckit 122ms (cache revalidated)
npm http fetch GET 200 https://registry.npmjs.org/sshpk 121ms (cache revalidated)
npm http fetch GET 200 https://registry.npmjs.org/seek-bzip 63ms (cache revalidated)
npm http fetch GET 200 https://registry.npmjs.org/file-type 68ms (cache revalidated)
npm http fetch GET 200 https://registry.npmjs.org/unbzip2-stream 70ms (cache revalidated)
npm http fetch GET 200 https://registry.npmjs.org/file-type 71ms (cache revalidated)
npm http fetch GET 200 https://registry.npmjs.org/is-natural-number 70ms (cache revalidated)
npm http fetch GET 200 https://registry.npmjs.org/file-type 75ms (cache revalidated)
npm http fetch GET 200 https://registry.npmjs.org/to-buffer 56ms (cache revalidated)
npm http fetch GET 200 https://registry.npmjs.org/buffer-alloc 60ms (cache revalidated)
npm http fetch GET 200 https://registry.npmjs.org/xtend 73ms (cache revalidated)
npm http fetch GET 200 https://registry.npmjs.org/pinkie-promise 54ms (cache revalidated)
npm http fetch GET 200 https://registry.npmjs.org/object-assign 64ms (cache revalidated)
npm http fetch GET 200 https://registry.npmjs.org/ansi-regex 66ms (cache revalidated)
npm http fetch GET 200 https://registry.npmjs.org/which 73ms (cache revalidated)
npm http fetch GET 200 https://registry.npmjs.org/mimic-fn 70ms (cache revalidated)
npm http fetch GET 200 https://registry.npmjs.org/pump 75ms (cache revalidated)
npm http fetch GET 200 https://registry.npmjs.org/path-key 80ms (cache revalidated)
npm http fetch GET 200 https://registry.npmjs.org/path-key 75ms (cache revalidated)
npm http fetch GET 200 https://registry.npmjs.org/shebang-command 86ms (cache revalidated)
npm http fetch GET 200 https://registry.npmjs.org/shebang-regex 61ms (cache revalidated)
npm http fetch GET 200 https://registry.npmjs.org/isexe 62ms (cache revalidated)
npm http fetch GET 200 https://registry.npmjs.org/pinkie 52ms (cache revalidated)
npm http fetch GET 200 https://registry.npmjs.org/wrappy 64ms (cache revalidated)
npm http fetch GET 200 https://registry.npmjs.org/brace-expansion 63ms (cache revalidated)
npm http fetch GET 200 https://registry.npmjs.org/dashdash 76ms (cache revalidated)
npm http fetch GET 200 https://registry.npmjs.org/asn1 80ms (cache revalidated)
npm http fetch GET 200 https://registry.npmjs.org/extsprintf 82ms (cache revalidated)
npm http fetch GET 200 https://registry.npmjs.org/safer-buffer 80ms (cache revalidated)
npm http fetch GET 200 https://registry.npmjs.org/ecc-jsbn 81ms (cache revalidated)
npm http fetch GET 200 https://registry.npmjs.org/jsbn 83ms (cache revalidated)
npm http fetch GET 200 https://registry.npmjs.org/json-schema 91ms (cache revalidated)
npm http fetch GET 200 https://registry.npmjs.org/getpass 91ms (cache revalidated)
npm http fetch GET 200 https://registry.npmjs.org/verror 934ms (cache revalidated)
npm http fetch GET 200 https://registry.npmjs.org/bcrypt-pbkdf 949ms (cache revalidated)
npm http fetch GET 200 https://registry.npmjs.org/tweetnacl 952ms (cache revalidated)
npm http fetch GET 200 https://registry.npmjs.org/aggregate-error 81ms (cache revalidated)
npm http fetch GET 200 https://registry.npmjs.org/ansi-escapes 96ms (cache revalidated)
npm http fetch GET 200 https://registry.npmjs.org/tslib 174ms (cache revalidated)
npm http fetch GET 200 https://registry.npmjs.org/astral-regex 124ms (cache revalidated)
npm http fetch GET 200 https://registry.npmjs.org/type-fest 56ms (cache revalidated)
npm http fetch GET 200 https://registry.npmjs.org/concat-map 87ms (cache revalidated)
npm http fetch GET 200 https://registry.npmjs.org/balanced-match 97ms (cache revalidated)
npm http fetch GET 200 https://registry.npmjs.org/readdirp 93ms (cache revalidated)
npm http fetch GET 200 https://registry.npmjs.org/anymatch 96ms (cache revalidated)
npm http fetch GET 200 https://registry.npmjs.org/fsevents 104ms (cache revalidated)
npm http fetch GET 200 https://registry.npmjs.org/locate-path 104ms (cache revalidated)
npm http fetch GET 200 https://registry.npmjs.org/camelcase 94ms (cache revalidated)
npm http fetch GET 200 https://registry.npmjs.org/randombytes 101ms (cache revalidated)
npm http fetch GET 200 https://registry.npmjs.org/is-glob 109ms (cache revalidated)
npm http fetch GET 200 https://registry.npmjs.org/escalade 102ms (cache revalidated)
npm http fetch GET 200 https://registry.npmjs.org/is-binary-path 115ms (cache revalidated)
npm http fetch GET 200 https://registry.npmjs.org/path-exists 116ms (cache revalidated)
npm http fetch GET 200 https://registry.npmjs.org/flat 107ms (cache revalidated)
npm http fetch GET 200 https://registry.npmjs.org/argparse 116ms (cache revalidated)
npm http fetch GET 200 https://registry.npmjs.org/glob-parent 121ms (cache revalidated)
npm http fetch GET 200 https://registry.npmjs.org/braces 122ms (cache revalidated)
npm http fetch GET 200 https://registry.npmjs.org/is-plain-obj 121ms (cache revalidated)
npm http fetch GET 200 https://registry.npmjs.org/fill-range 107ms (cache revalidated)
npm http fetch GET 200 https://registry.npmjs.org/picomatch 109ms (cache revalidated)
npm http fetch GET 200 https://registry.npmjs.org/is-extglob 106ms (cache revalidated)
npm http fetch GET 200 https://registry.npmjs.org/binary-extensions 108ms (cache revalidated)
npm http fetch GET 200 https://registry.npmjs.org/picomatch 107ms (cache revalidated)
npm http fetch GET 200 https://registry.npmjs.org/to-regex-range 66ms (cache revalidated)
npm http fetch GET 200 https://registry.npmjs.org/is-number 63ms (cache revalidated)
npm http fetch GET 200 https://registry.npmjs.org/p-locate 79ms (cache revalidated)
npm http fetch GET 200 https://registry.npmjs.org/p-limit 72ms (cache revalidated)
npm http fetch GET 200 https://registry.npmjs.org/easy-stack 51ms (cache revalidated)
npm http fetch GET 200 https://registry.npmjs.org/yocto-queue 80ms (cache revalidated)
npm http fetch GET 200 https://registry.npmjs.org/indent-string 85ms (cache revalidated)
npm http fetch GET 200 https://registry.npmjs.org/clean-stack 96ms (cache revalidated)
npm http fetch GET 200 https://registry.npmjs.org/map-stream 67ms (cache revalidated)
npm http fetch GET 200 https://registry.npmjs.org/from 69ms (cache revalidated)
npm http fetch GET 200 https://registry.npmjs.org/split 69ms (cache revalidated)
npm http fetch GET 200 https://registry.npmjs.org/stream-combiner 72ms (cache revalidated)
npm http fetch GET 200 https://registry.npmjs.org/duplexer 103ms (cache revalidated)
npm http fetch GET 200 https://registry.npmjs.org/pause-stream 936ms (cache revalidated)
npm http fetch GET 200 https://registry.npmjs.org/object-inspect 147ms (cache revalidated)
npm http fetch GET 200 https://registry.npmjs.org/call-bind 153ms (cache revalidated)
npm http fetch GET 200 https://registry.npmjs.org/get-intrinsic 157ms (cache revalidated)
npm http fetch GET 200 https://registry.npmjs.org/har-schema 68ms (cache revalidated)
npm http fetch GET 200 https://registry.npmjs.org/fast-json-stable-stringify 93ms (cache revalidated)
npm http fetch GET 200 https://registry.npmjs.org/uri-js 97ms (cache revalidated)
npm http fetch GET 200 https://registry.npmjs.org/json-schema-traverse 100ms (cache revalidated)
npm http fetch GET 200 https://registry.npmjs.org/fast-deep-equal 104ms (cache revalidated)
npm http fetch GET 200 https://registry.npmjs.org/yallist 55ms (cache revalidated)
npm http fetch GET 200 https://registry.npmjs.org/set-function-length 60ms (cache revalidated)
npm http fetch GET 200 https://registry.npmjs.org/function-bind 65ms (cache revalidated)
npm http fetch GET 200 https://registry.npmjs.org/has-proto 63ms (cache revalidated)
npm http fetch GET 200 https://registry.npmjs.org/hasown 96ms (cache revalidated)
npm http fetch GET 200 https://registry.npmjs.org/has-symbols 97ms (cache revalidated)
npm http fetch GET 200 https://registry.npmjs.org/define-data-property 55ms (cache revalidated)
npm http fetch GET 200 https://registry.npmjs.org/gopd 64ms (cache revalidated)
npm http fetch GET 200 https://registry.npmjs.org/has-property-descriptors 70ms (cache revalidated)
npm http fetch GET 200 https://registry.npmjs.org/querystringify 58ms (cache revalidated)
npm http fetch GET 200 https://registry.npmjs.org/requires-port 61ms (cache revalidated)
npm http fetch GET 200 https://registry.npmjs.org/write-file-atomic 93ms (cache revalidated)
npm http fetch GET 200 https://registry.npmjs.org/unique-string 99ms (cache revalidated)
npm http fetch GET 200 https://registry.npmjs.org/cli-boxes 103ms (cache revalidated)
npm http fetch GET 200 https://registry.npmjs.org/widest-line 113ms (cache revalidated)
npm http fetch GET 200 https://registry.npmjs.org/dot-prop 112ms (cache revalidated)
npm http fetch GET 200 https://registry.npmjs.org/ansi-align 982ms (cache revalidated)
npm http fetch GET 200 https://registry.npmjs.org/escape-goat 985ms (cache revalidated)
npm http fetch GET 200 https://registry.npmjs.org/package-json 987ms (cache revalidated)
npm http fetch GET 200 https://registry.npmjs.org/crypto-random-string 59ms (cache revalidated)
npm http fetch GET 200 https://registry.npmjs.org/imurmurhash 66ms (cache revalidated)
npm http fetch GET 200 https://registry.npmjs.org/typedarray-to-buffer 79ms (cache revalidated)
npm http fetch GET 200 https://registry.npmjs.org/is-obj 947ms (cache revalidated)
npm http fetch GET 200 https://registry.npmjs.org/registry-url 56ms (cache revalidated)
npm http fetch GET 200 https://registry.npmjs.org/got 59ms (cache revalidated)
npm http fetch GET 200 https://registry.npmjs.org/registry-auth-token 63ms (cache revalidated)
npm http fetch GET 200 https://registry.npmjs.org/cacheable-request 102ms (cache revalidated)
npm http fetch GET 200 https://registry.npmjs.org/decompress-response 104ms (cache revalidated)
npm http fetch GET 200 https://registry.npmjs.org/url-parse-lax 106ms (cache revalidated)
npm http fetch GET 200 https://registry.npmjs.org/rc 105ms (cache revalidated)
npm http fetch GET 200 https://registry.npmjs.org/p-cancelable 113ms (cache revalidated)
npm http fetch GET 200 https://registry.npmjs.org/lowercase-keys 121ms (cache revalidated)
npm http fetch GET 200 https://registry.npmjs.org/mimic-response 121ms (cache revalidated)
npm http fetch GET 200 https://registry.npmjs.org/to-readable-stream 122ms (cache revalidated)
npm http fetch GET 200 https://registry.npmjs.org/rc 122ms (cache revalidated)
npm http fetch GET 200 https://registry.npmjs.org/@szmarczak%2Fhttp-timer 133ms (cache revalidated)
npm http fetch GET 200 https://registry.npmjs.org/@sindresorhus%2Fis 416ms (cache revalidated)
npm http fetch GET 200 https://registry.npmjs.org/duplexer3 967ms (cache revalidated)
npm http fetch GET 200 https://registry.npmjs.org/clone-response 109ms (cache revalidated)
npm http fetch GET 200 https://registry.npmjs.org/defer-to-connect 111ms (cache revalidated)
npm http fetch GET 200 https://registry.npmjs.org/responselike 109ms (cache revalidated)
npm http fetch GET 200 https://registry.npmjs.org/http-cache-semantics 111ms (cache revalidated)
npm http fetch GET 200 https://registry.npmjs.org/keyv 112ms (cache revalidated)
npm http fetch GET 200 https://registry.npmjs.org/normalize-url 492ms (cache revalidated)
npm http fetch GET 200 https://registry.npmjs.org/prepend-http 963ms (cache revalidated)
npm http fetch GET 200 https://registry.npmjs.org/json-buffer 87ms (cache revalidated)
npm http fetch GET 200 https://registry.npmjs.org/deep-extend 95ms (cache revalidated)
npm http fetch GET 200 https://registry.npmjs.org/pend 54ms (cache revalidated)
npm http fetch GET 200 https://registry.npmjs.org/crc32-stream 286ms (cache revalidated)
npm http fetch GET 200 https://registry.npmjs.org/crc-32 950ms (cache revalidated)
npm http fetch GET 200 https://registry.npmjs.org/buffer-alloc-unsafe 59ms (cache revalidated)
npm http fetch GET 200 https://registry.npmjs.org/buffer-fill 80ms (cache revalidated)
npm http fetch GET 200 https://registry.npmjs.org/p-try 90ms (cache revalidated)
npm verb reify failed optional dependency /home/rafael/Documents/GitHub/Estudo/tmpBstackPackages/node_modules/fsevents
npm notice Beginning October 4, 2021, all connections to the npm registry - including for package installation - must use TLS 1.2 or higher. You are currently using plaintext http to connect. Please visit the GitHub blog for more information: https://github.blog/2021-08-23-npm-registry-deprecating-tls-1-0-tls-1-1/
npm http fetch POST 426 http://registry.npmjs.org/-/npm/v1/security/advisories/bulk 102ms
npm notice Beginning October 4, 2021, all connections to the npm registry - including for package installation - must use TLS 1.2 or higher. You are currently using plaintext http to connect. Please visit the GitHub blog for more information: https://github.blog/2021-08-23-npm-registry-deprecating-tls-1-0-tls-1-1/
npm http fetch POST 426 http://registry.npmjs.org/-/npm/v1/security/audits/quick 31ms
npm verb audit error HttpErrorGeneral: 426 Upgrade Required - POST http://registry.npmjs.org/-/npm/v1/security/audits/quick
npm verb audit error     at /usr/local/lib/node_modules/npm/node_modules/npm-registry-fetch/lib/check-response.js:95:15
npm verb audit error     at process.processTicksAndRejections (node:internal/process/task_queues:95:5)
npm verb audit error     at async [getReport] (/usr/local/lib/node_modules/npm/node_modules/@npmcli/arborist/lib/audit-report.js:335:21)
npm verb audit error     at async AuditReport.run (/usr/local/lib/node_modules/npm/node_modules/@npmcli/arborist/lib/audit-report.js:106:19)
npm verb audit error  HttpErrorGeneral: 426 Upgrade Required - POST http://registry.npmjs.org/-/npm/v1/security/audits/quick
npm verb audit error     at /usr/local/lib/node_modules/npm/node_modules/npm-registry-fetch/lib/check-response.js:95:15
npm verb audit error     at process.processTicksAndRejections (node:internal/process/task_queues:95:5)
npm verb audit error     at async [getReport] (/usr/local/lib/node_modules/npm/node_modules/@npmcli/arborist/lib/audit-report.js:335:21)
npm verb audit error     at async AuditReport.run (/usr/local/lib/node_modules/npm/node_modules/@npmcli/arborist/lib/audit-report.js:106:19) {
npm verb audit error   headers: [Object: null prototype] {
npm verb audit error     date: [ 'Fri, 03 Nov 2023 19:58:36 GMT' ],
npm verb audit error     'content-type': [ 'text/plain' ],
npm verb audit error     'content-length': [ '271' ],
npm verb audit error     connection: [ 'keep-alive' ],
npm verb audit error     'npm-notice': [
npm verb audit error       'Beginning October 4, 2021, all connections to the npm registry - including for package installation - must use TLS 1.2 or higher. You are currently using plaintext http to connect. Please visit the GitHub blog for more information: https://github.blog/2021-08-23-npm-registry-deprecating-tls-1-0-tls-1-1/'
npm verb audit error     ],
npm verb audit error     vary: [ 'Accept-Encoding' ],
npm verb audit error     server: [ 'cloudflare' ],
npm verb audit error     'cf-ray': [ '820731633c35a4fb-GRU' ],
npm verb audit error     'x-fetch-attempts': [ '1' ]
npm verb audit error   },
npm verb audit error   statusCode: 426,
npm verb audit error   code: 'E426',
npm verb audit error   method: 'POST',
npm verb audit error   uri: 'http://registry.npmjs.org/-/npm/v1/security/audits/quick',
npm verb audit error   body: <Buffer 42 65 67 69 6e 6e 69 6e 67 20 4f 63 74 6f 62 65 72 20 34 2c 20 32 30 32 31 2c 20 61 6c 6c 20 63 6f 6e 6e 65 63 74 69 6f 6e 73 20 74 6f 20 6e 70 6d 20 ... 221 more bytes>,
npm verb audit error   pkgid: undefined
npm verb audit error }
npm WARN deprecated har-validator@5.1.5: this library is no longer supported
npm WARN deprecated uuid@3.4.0: Please upgrade  to version 7 or higher.  Older versions may use Math.random() in certain circumstances, which is known to be problematic.  See https://v8.dev/blog/math-random for details.
npm WARN deprecated request@2.88.2: request has been deprecated, see https://github.com/request/request/issues/3142
npm info run cypress@12.17.4 postinstall node_modules/cypress node index.js --exec install
npm info run cypress@12.17.4 postinstall { code: 0, signal: null }

added 447 packages in 23s

65 packages are looking for funding
  run `npm fund` for details
npm verb exit 0
npm info ok 
